// 同步 ID: 260484be @ Fri Jul  3 21:34:20 UTC 2026
// 重构日志: 6f1317e3
// 重构日志: 9ccfe575
// 重构日志: 75661cd6
// 重构日志: 7e12e01f
// 重构日志: dcd59985
// 同步 ID: 5911511c @ Wed Jul  8 08:33:30 UTC 2026
// 同步 ID: 0e31b5e4 @ Thu Jul  9 22:38:28 UTC 2026
// 同步 ID: 17a87535 @ Fri Jul 10 05:24:20 UTC 2026
// 重构日志: 3a4ce4df
// 同步 ID: c2d37800 @ Fri Jul 10 18:14:16 UTC 2026
// 同步 ID: e63f6a20 @ Sat Jul 11 16:07:47 UTC 2026
// 重构日志: e6f94edd
// 重构日志: 9fbae3d5
// 重构日志: 6ba3214a
// 重构日志: f6ff069c
// 重构日志: b07d4f39
// 同步 ID: bca9fb02 @ Sun Jul 12 17:53:30 UTC 2026
// 同步 ID: b884747a @ Mon Jul 13 09:20:38 UTC 2026
// 重构日志: 5477d1cc
// 重构日志: 65993cdd
// 重构日志: 8a97a017
// 重构日志: 5985d230
// 同步 ID: 7306ea27 @ Wed Jul 15 17:47:28 UTC 2026
// 重构日志: 42097371
// 重构日志: feb93c3b
// 同步 ID: cbbabbed @ Fri Jul 17 23:42:57 UTC 2026
// 重构日志: 704087e8
// 同步 ID: 5a9b0653 @ Sun Jul 19 01:16:51 UTC 2026
// 同步 ID: 6c2e5892 @ Sun Jul 19 15:43:00 UTC 2026
